<?xml version="1.0" encoding="UTF-8" ?>
<testsuite tests="12" failures="0" name="CukesFeatureRunnerTest" time="33.725" errors="0" skipped="0">
  <properties>
[...]
</properties>
  <testcase classname="Login" name="User should be able to see login form" time="4.666"/>
  <testcase classname="Login" name="User should be able to login with different accepted credentials #1" time="2.115"/>
  <testcase classname="Login" name="User should be able to login with different accepted credentials #2" time="2.035"/>
  <testcase classname="Login" name="User should be able to login with different accepted credentials #3" time="6.865"/>
  <testcase classname="Login" name="User should not be able to login with different not accepted credentials #1" time="2.463"/>
  <testcase classname="Login" name="User should not be able to login with different not accepted credentials #2" time="2.069"/>
  <testcase classname="Login" name="User should not be able to login with different not accepted credentials #3" time="1.794"/>
  <testcase classname="Login" name="User should not be able to login with different not accepted credentials #4" time="2.551"/>
  <testcase classname="Login" name="User should not be able to login with different not accepted credentials #5" time="2.289"/>
  <testcase classname="Login" name="User should not be able to login with different not accepted credentials #6" time="2.486"/>
  <testcase classname="Products" name="Standard User should be able to see correct numbers of products" time="2.59"/>
  <testcase classname="ReqresAPI" name="Should be able to register and login user with API" time="1.802"/>
</testsuite>